\BOOKMARK [1][-]{section.1}{\376\377\000S\000y\000n\000t\000a\000x\000\040\000a\000n\000d\000\040\000S\000e\000m\000a\000n\000t\000i\000c\000s}{}% 1
\BOOKMARK [2][-]{subsection.1.1}{\376\377\000S\000t\000a\000t\000i\000c\000s}{section.1}% 2
\BOOKMARK [2][-]{subsection.1.2}{\376\377\000E\000x\000a\000m\000p\000l\000e\000s}{section.1}% 3
\BOOKMARK [1][-]{section.2}{\376\377\000P\000r\000o\000c\000e\000s\000s\000e\000s}{}% 4
\BOOKMARK [2][-]{subsection.2.1}{\376\377\000S\000t\000a\000t\000i\000c\000s}{section.2}% 5
\BOOKMARK [2][-]{subsection.2.2}{\376\377\000D\000y\000n\000a\000m\000i\000c\000s}{section.2}% 6
\BOOKMARK [2][-]{subsection.2.3}{\376\377\000S\000a\000f\000e\000t\000y}{section.2}% 7
\BOOKMARK [1][-]{section.3}{\376\377\000I\000m\000p\000l\000e\000m\000e\000n\000t\000i\000n\000g\000\040\000t\000h\000e\000\040\000D\000y\000n\000a\000m\000i\000c\000s}{}% 8
\BOOKMARK [2][-]{subsection.3.1}{\376\377\000D\000y\000n\000a\000m\000i\000c\000s}{section.3}% 9
\BOOKMARK [2][-]{subsection.3.2}{\376\377\000E\000x\000e\000c\000u\000t\000i\000o\000n\000\040\000C\000o\000n\000t\000e\000x\000t}{section.3}% 10
\BOOKMARK [1][-]{section.4}{\376\377\000R\000e\000f\000e\000r\000e\000n\000c\000e\000s}{}% 11
\BOOKMARK [2][-]{subsection.4.1}{\376\377\000R\000e\000f\000e\000r\000e\000n\000c\000e\000\040\000C\000e\000l\000l\000s}{section.4}% 12
\BOOKMARK [2][-]{subsection.4.2}{\376\377\000A\000t\000o\000m\000i\000c\000\040\000R\000e\000f\000e\000r\000e\000n\000c\000e\000s}{section.4}% 13
\BOOKMARK [1][-]{appendix.A}{\376\377\000S\000y\000n\000t\000a\000x}{}% 14
\BOOKMARK [1][-]{appendix.B}{\376\377\000S\000t\000a\000t\000i\000c\000s}{}% 15
\BOOKMARK [2][-]{subsection.B.1}{\376\377\000E\000x\000p\000r\000e\000s\000s\000i\000o\000n\000s}{appendix.B}% 16
\BOOKMARK [2][-]{subsection.B.2}{\376\377\000C\000o\000m\000m\000a\000n\000d\000s}{appendix.B}% 17
\BOOKMARK [2][-]{subsection.B.3}{\376\377\000P\000r\000o\000c\000e\000s\000s\000e\000s}{appendix.B}% 18
\BOOKMARK [3][-]{subsubsection.B.3.1}{\376\377\000T\000y\000p\000i\000n\000g}{subsection.B.3}% 19
\BOOKMARK [3][-]{subsubsection.B.3.2}{\376\377\000S\000t\000r\000u\000c\000t\000u\000r\000a\000l\000\040\000C\000o\000n\000g\000r\000u\000e\000n\000c\000e}{subsection.B.3}% 20
\BOOKMARK [2][-]{subsection.B.4}{\376\377\000A\000c\000t\000i\000o\000n\000s}{appendix.B}% 21
\BOOKMARK [1][-]{appendix.C}{\376\377\000D\000y\000n\000a\000m\000i\000c\000s}{}% 22
\BOOKMARK [2][-]{subsection.C.1}{\376\377\000E\000x\000p\000r\000e\000s\000s\000i\000o\000n\000s}{appendix.C}% 23
\BOOKMARK [2][-]{subsection.C.2}{\376\377\000C\000o\000m\000m\000a\000n\000d\000s}{appendix.C}% 24
\BOOKMARK [2][-]{subsection.C.3}{\376\377\000P\000r\000o\000c\000e\000s\000s\000e\000s}{appendix.C}% 25
